<?xml version="1.0" encoding="UTF-8"?>
<testng-results ignored="0" total="2" passed="2" failed="0" skipped="0">
  <reporter-output>
  </reporter-output>
  <suite started-at="2024-10-03T09:33:53 IST" name="Default suite" finished-at="2024-10-03T09:34:50 IST" duration-ms="56840">
    <groups>
      <group name="cucumber">
        <method signature="AbstractTestNGCucumberTests.runScenario(io.cucumber.testng.PickleWrapper,io.cucumber.testng.FeatureWrapper)[pri:0, instance:stepdefination.RunnerTest@2d52216b]" name="runScenario" class="io.cucumber.testng.AbstractTestNGCucumberTests"/>
      </group> <!-- cucumber -->
    </groups>
    <test started-at="2024-10-03T09:33:53 IST" name="Default test" finished-at="2024-10-03T09:34:50 IST" duration-ms="56840">
      <class name="stepdefination.RunnerTest">
        <test-method is-config="true" signature="setUpClass()[pri:0, instance:stepdefination.RunnerTest@2d52216b]" started-at="2024-10-03T09:33:53 IST" name="setUpClass" finished-at="2024-10-03T09:33:54 IST" duration-ms="546" status="PASS">
          <reporter-output>
          </reporter-output>
        </test-method> <!-- setUpClass -->
        <test-method signature="runScenario(io.cucumber.testng.PickleWrapper,io.cucumber.testng.FeatureWrapper)[pri:0, instance:stepdefination.RunnerTest@2d52216b]" started-at="2024-10-03T09:33:54 IST" name="runScenario" description="Runs Cucumber Scenarios" data-provider="scenarios" finished-at="2024-10-03T09:34:21 IST" duration-ms="27306" status="PASS">
          <params>
            <param index="0">
              <value>
                <![CDATA["User scrolls to the 7th card and clicks it"]]>
              </value>
            </param>
            <param index="1">
              <value>
                <![CDATA["Optional[BooksWagon User Wishlist Functionality]"]]>
              </value>
            </param>
          </params>
          <reporter-output>
          </reporter-output>
        </test-method> <!-- runScenario -->
        <test-method signature="runScenario(io.cucumber.testng.PickleWrapper,io.cucumber.testng.FeatureWrapper)[pri:0, instance:stepdefination.RunnerTest@2d52216b]" started-at="2024-10-03T09:34:21 IST" name="runScenario" description="Runs Cucumber Scenarios" data-provider="scenarios" finished-at="2024-10-03T09:34:50 IST" duration-ms="28900" status="PASS">
          <params>
            <param index="0">
              <value>
                <![CDATA["User checks if the wishlist icon is clickable"]]>
              </value>
            </param>
            <param index="1">
              <value>
                <![CDATA["Optional[BooksWagon User Wishlist Functionality]"]]>
              </value>
            </param>
          </params>
          <reporter-output>
          </reporter-output>
        </test-method> <!-- runScenario -->
        <test-method is-config="true" signature="tearDownClass()[pri:0, instance:stepdefination.RunnerTest@2d52216b]" started-at="2024-10-03T09:34:50 IST" name="tearDownClass" finished-at="2024-10-03T09:34:50 IST" duration-ms="41" status="PASS">
          <reporter-output>
          </reporter-output>
        </test-method> <!-- tearDownClass -->
      </class> <!-- stepdefination.RunnerTest -->
    </test> <!-- Default test -->
  </suite> <!-- Default suite -->
</testng-results>
